<?xml version="1.0" encoding="UTF-8"?>
<testsuite xmlns:xsi="http://www.w3.org/2001/XMLSchema-instance" xsi:noNamespaceSchemaLocation="https://maven.apache.org/surefire/maven-surefire-plugin/xsd/surefire-test-report.xsd" name="org.springframework.samples.petclinic.web.PetTypeFormatterTests" time="0.092" tests="3" errors="0" skipped="0" failures="0">
  <properties>
[...]
</properties>
  <testcase name="shouldThrowParseException" classname="org.springframework.samples.petclinic.web.PetTypeFormatterTests" time="0.075"/>
  <testcase name="testPrint" classname="org.springframework.samples.petclinic.web.PetTypeFormatterTests" time="0.006"/>
  <testcase name="shouldParse" classname="org.springframework.samples.petclinic.web.PetTypeFormatterTests" time="0.003"/>
</testsuite>